<root>
  <a>
    <b>
      <c>42</c>
    </b>
  </a>
  <d>
    <e>
      <f>0</f>
    </e>
  </d>
</root>
